<?xml version="1.0" encoding="UTF-8"?>
<!-- Generated by org.testng.reporters.JUnitXMLReporter -->
<testsuite hostname="DESKTOP-77CC6J5" ignored="1" name="Test(failed)" tests="4" failures="1" timestamp="2021-07-01T20:38:56 IST" time="0.563" errors="0">
  <testcase name="tc0" time="0.045" classname="org.mav.GroupDepends"/>
  <testcase name="tc2" time="0.005" classname="org.mav.GroupDepends"/>
  <testcase name="tc1" time="0.083" classname="org.mav.GroupDepends">
    <failure type="java.lang.AssertionError" message="expected [true] but found [false]">
      <![CDATA[java.lang.AssertionError: expected [true] but found [false]
at org.mav.GroupDepends.tc1(GroupDepends.java:19)
at java.util.ArrayList.forEach(Unknown Source)
... Removed 31 stack frames]]>
    </failure>
  </testcase> <!-- tc1 -->
  <testcase name="tc3" time="0.0" classname="org.mav.GroupDepends">
    <skipped/>
  </testcase> <!-- tc3 -->
  <testcase name="tc4" time="0.0" classname="org.mav.GroupDepends">
    <ignored/>
  </testcase> <!-- tc4 -->
</testsuite> <!-- Test(failed) -->
